<?xml version="1.0" encoding="UTF-8"?>
<!-- Generated by org.testng.reporters.JUnitReportReporter -->
<testsuite hostname="DESKTOP-5QPL10C" failures="0" tests="1" name="hrm.Login_Logout" time="11.520" errors="0" timestamp="2023-12-27T14:49:24 IST" skipped="0">
  <testcase classname="hrm.Login_Logout" name="login" time="11.520"/>
  <system-out/>
</testsuite> <!-- hrm.Login_Logout -->
